#-----------------------------------------------------------
# Vivado v2016.4 (64-bit)
# SW Build 1756540 on Mon Jan 23 19:11:23 MST 2017
# IP Build 1755317 on Mon Jan 23 20:30:07 MST 2017
# Start of session at: Fri Apr 20 15:35:07 2018
# Process ID: 1384
# Current directory: C:/Users/Altium7/Desktop/MCU-on-Basys3-master/MCU-on-Basys3-master
# Command line: vivado.exe -gui_launcher_event rodinguilauncherevent9512 C:\Users\Altium7\Desktop\MCU-on-Basys3-master\MCU-on-Basys3-master\project_FPGA.xpr
# Log file: C:/Users/Altium7/Desktop/MCU-on-Basys3-master/MCU-on-Basys3-master/vivado.log
# Journal file: C:/Users/Altium7/Desktop/MCU-on-Basys3-master/MCU-on-Basys3-master\vivado.jou
#-----------------------------------------------------------
start_gui
open_project C:/Users/Altium7/Desktop/MCU-on-Basys3-master/MCU-on-Basys3-master/project_FPGA.xpr
Scanning sources...
Finished scanning sources
WARNING: [filemgmt 56-3] IPUserFilesDir: Could not find the directory 'C:/Users/Altium7/Desktop/MCU-on-Basys3-master/MCU-on-Basys3-master/project_FPGA.ip_user_files'.
INFO: [IP_Flow 19-234] Refreshing IP repositories
INFO: [IP_Flow 19-1704] No user IP repositories specified
INFO: [IP_Flow 19-2313] Loaded Vivado IP repository 'C:/Xilinx/Vivado/2016.4/data/ip'.
reset_run impl_1
launch_runs impl_1
[Fri Apr 20 15:35:36 2018] Launched impl_1...
Run output will be captured here: C:/Users/Altium7/Desktop/MCU-on-Basys3-master/MCU-on-Basys3-master/project_FPGA.runs/impl_1/runme.log
launch_runs impl_1 -to_step write_bitstream
[Fri Apr 20 15:37:09 2018] Launched impl_1...
Run output will be captured here: C:/Users/Altium7/Desktop/MCU-on-Basys3-master/MCU-on-Basys3-master/project_FPGA.runs/impl_1/runme.log
open_hw
connect_hw_server
INFO: [Labtools 27-2285] Connecting to hw_server url TCP:localhost:3121
INFO: [Labtools 27-2222] Launching hw_server...
INFO: [Labtools 27-2221] Launch Output:

****** Xilinx hw_server v2016.4
  **** Build date : Jan 23 2017-19:37:29
    ** Copyright 1986-2016 Xilinx, Inc. All Rights Reserved.


connect_hw_server: Time (s): cpu = 00:00:02 ; elapsed = 00:00:07 . Memory (MB): peak = 751.215 ; gain = 0.000
open_hw_target
INFO: [Labtoolstcl 44-466] Opening hw_target localhost:3121/xilinx_tcf/Digilent/210183711519A
set_property PROGRAM.FILE {C:/Users/Altium7/Desktop/MCU-on-Basys3-master/MCU-on-Basys3-master/project_FPGA.runs/impl_1/test_up.bit} [lindex [get_hw_devices xc7a35t_0] 0]
current_hw_device [lindex [get_hw_devices xc7a35t_0] 0]
refresh_hw_device -update_hw_probes false [lindex [get_hw_devices xc7a35t_0] 0]
INFO: [Labtools 27-1434] Device xc7a35t (JTAG device index = 0) is programmed with a design that has no supported debug core(s) in it.
WARNING: [Labtools 27-3123] The debug hub core was not detected at User Scan Chain 1 or 3.
Resolution: 
1. Make sure the clock connected to the debug hub (dbg_hub) core is a free running clock and is active OR
2. Manually launch hw_server with -e "set xsdb-user-bscan <C_USER_SCAN_CHAIN scan_chain_number>" to detect the debug hub at User Scan Chain of 2 or 4. To determine the user scan chain setting, open the implemented design and use: get_property C_USER_SCAN_CHAIN [get_debug_cores dbg_hub].
set_property PROBES.FILE {} [lindex [get_hw_devices xc7a35t_0] 0]
set_property PROGRAM.FILE {C:/Users/Altium7/Desktop/MCU-on-Basys3-master/MCU-on-Basys3-master/project_FPGA.runs/impl_1/test_up.bit} [lindex [get_hw_devices xc7a35t_0] 0]
program_hw_devices [lindex [get_hw_devices xc7a35t_0] 0]
INFO: [Labtools 27-3164] End of startup status: HIGH
refresh_hw_device [lindex [get_hw_devices xc7a35t_0] 0]
INFO: [Labtools 27-1434] Device xc7a35t (JTAG device index = 0) is programmed with a design that has no supported debug core(s) in it.
WARNING: [Labtools 27-3123] The debug hub core was not detected at User Scan Chain 1 or 3.
Resolution: 
1. Make sure the clock connected to the debug hub (dbg_hub) core is a free running clock and is active OR
2. Manually launch hw_server with -e "set xsdb-user-bscan <C_USER_SCAN_CHAIN scan_chain_number>" to detect the debug hub at User Scan Chain of 2 or 4. To determine the user scan chain setting, open the implemented design and use: get_property C_USER_SCAN_CHAIN [get_debug_cores dbg_hub].
WARNING: [Labtoolstcl 44-130] No matching hw_ilas were found.
WARNING: [Labtoolstcl 44-130] No matching hw_ilas were found.
WARNING: [Labtoolstcl 44-130] No matching hw_ilas were found.
WARNING: [Labtoolstcl 44-130] No matching hw_ilas were found.
reset_run synth_1
launch_runs impl_1
[Fri Apr 20 15:39:02 2018] Launched synth_1...
Run output will be captured here: C:/Users/Altium7/Desktop/MCU-on-Basys3-master/MCU-on-Basys3-master/project_FPGA.runs/synth_1/runme.log
[Fri Apr 20 15:39:02 2018] Launched impl_1...
Run output will be captured here: C:/Users/Altium7/Desktop/MCU-on-Basys3-master/MCU-on-Basys3-master/project_FPGA.runs/impl_1/runme.log
reset_run synth_1
launch_runs impl_1 -to_step write_bitstream
[Fri Apr 20 15:41:17 2018] Launched synth_1...
Run output will be captured here: C:/Users/Altium7/Desktop/MCU-on-Basys3-master/MCU-on-Basys3-master/project_FPGA.runs/synth_1/runme.log
[Fri Apr 20 15:41:17 2018] Launched impl_1...
Run output will be captured here: C:/Users/Altium7/Desktop/MCU-on-Basys3-master/MCU-on-Basys3-master/project_FPGA.runs/impl_1/runme.log
set_property PROBES.FILE {} [lindex [get_hw_devices xc7a35t_0] 0]
set_property PROGRAM.FILE {C:/Users/Altium7/Desktop/MCU-on-Basys3-master/MCU-on-Basys3-master/project_FPGA.runs/impl_1/test_up.bit} [lindex [get_hw_devices xc7a35t_0] 0]
program_hw_devices [lindex [get_hw_devices xc7a35t_0] 0]
INFO: [Labtools 27-3164] End of startup status: HIGH
refresh_hw_device [lindex [get_hw_devices xc7a35t_0] 0]
INFO: [Labtools 27-1434] Device xc7a35t (JTAG device index = 0) is programmed with a design that has no supported debug core(s) in it.
WARNING: [Labtools 27-3123] The debug hub core was not detected at User Scan Chain 1 or 3.
Resolution: 
1. Make sure the clock connected to the debug hub (dbg_hub) core is a free running clock and is active OR
2. Manually launch hw_server with -e "set xsdb-user-bscan <C_USER_SCAN_CHAIN scan_chain_number>" to detect the debug hub at User Scan Chain of 2 or 4. To determine the user scan chain setting, open the implemented design and use: get_property C_USER_SCAN_CHAIN [get_debug_cores dbg_hub].
WARNING: [Labtoolstcl 44-130] No matching hw_ilas were found.
WARNING: [Labtoolstcl 44-130] No matching hw_ilas were found.
WARNING: [Labtoolstcl 44-130] No matching hw_ilas were found.
WARNING: [Labtoolstcl 44-130] No matching hw_ilas were found.
reset_run synth_1
launch_runs impl_1
[Fri Apr 20 15:46:41 2018] Launched synth_1...
Run output will be captured here: C:/Users/Altium7/Desktop/MCU-on-Basys3-master/MCU-on-Basys3-master/project_FPGA.runs/synth_1/runme.log
[Fri Apr 20 15:46:41 2018] Launched impl_1...
Run output will be captured here: C:/Users/Altium7/Desktop/MCU-on-Basys3-master/MCU-on-Basys3-master/project_FPGA.runs/impl_1/runme.log
reset_run synth_1
launch_runs impl_1
[Fri Apr 20 15:48:27 2018] Launched synth_1...
Run output will be captured here: C:/Users/Altium7/Desktop/MCU-on-Basys3-master/MCU-on-Basys3-master/project_FPGA.runs/synth_1/runme.log
[Fri Apr 20 15:48:27 2018] Launched impl_1...
Run output will be captured here: C:/Users/Altium7/Desktop/MCU-on-Basys3-master/MCU-on-Basys3-master/project_FPGA.runs/impl_1/runme.log
reset_run synth_1
launch_runs impl_1
[Fri Apr 20 15:50:29 2018] Launched synth_1...
Run output will be captured here: C:/Users/Altium7/Desktop/MCU-on-Basys3-master/MCU-on-Basys3-master/project_FPGA.runs/synth_1/runme.log
[Fri Apr 20 15:50:29 2018] Launched impl_1...
Run output will be captured here: C:/Users/Altium7/Desktop/MCU-on-Basys3-master/MCU-on-Basys3-master/project_FPGA.runs/impl_1/runme.log
launch_runs impl_1 -to_step write_bitstream
[Fri Apr 20 15:53:11 2018] Launched impl_1...
Run output will be captured here: C:/Users/Altium7/Desktop/MCU-on-Basys3-master/MCU-on-Basys3-master/project_FPGA.runs/impl_1/runme.log
set_property PROBES.FILE {} [lindex [get_hw_devices xc7a35t_0] 0]
set_property PROGRAM.FILE {C:/Users/Altium7/Desktop/MCU-on-Basys3-master/MCU-on-Basys3-master/project_FPGA.runs/impl_1/test_up.bit} [lindex [get_hw_devices xc7a35t_0] 0]
program_hw_devices [lindex [get_hw_devices xc7a35t_0] 0]
INFO: [Labtools 27-3164] End of startup status: HIGH
refresh_hw_device [lindex [get_hw_devices xc7a35t_0] 0]
INFO: [Labtools 27-1434] Device xc7a35t (JTAG device index = 0) is programmed with a design that has no supported debug core(s) in it.
WARNING: [Labtools 27-3123] The debug hub core was not detected at User Scan Chain 1 or 3.
Resolution: 
1. Make sure the clock connected to the debug hub (dbg_hub) core is a free running clock and is active OR
2. Manually launch hw_server with -e "set xsdb-user-bscan <C_USER_SCAN_CHAIN scan_chain_number>" to detect the debug hub at User Scan Chain of 2 or 4. To determine the user scan chain setting, open the implemented design and use: get_property C_USER_SCAN_CHAIN [get_debug_cores dbg_hub].
WARNING: [Labtoolstcl 44-130] No matching hw_ilas were found.
WARNING: [Labtoolstcl 44-130] No matching hw_ilas were found.
WARNING: [Labtoolstcl 44-130] No matching hw_ilas were found.
WARNING: [Labtoolstcl 44-130] No matching hw_ilas were found.
reset_run synth_1
launch_runs impl_1
[Fri Apr 20 15:55:26 2018] Launched synth_1...
Run output will be captured here: C:/Users/Altium7/Desktop/MCU-on-Basys3-master/MCU-on-Basys3-master/project_FPGA.runs/synth_1/runme.log
[Fri Apr 20 15:55:26 2018] Launched impl_1...
Run output will be captured here: C:/Users/Altium7/Desktop/MCU-on-Basys3-master/MCU-on-Basys3-master/project_FPGA.runs/impl_1/runme.log
reset_run synth_1
launch_runs impl_1 -to_step write_bitstream
[Fri Apr 20 15:57:45 2018] Launched synth_1...
Run output will be captured here: C:/Users/Altium7/Desktop/MCU-on-Basys3-master/MCU-on-Basys3-master/project_FPGA.runs/synth_1/runme.log
[Fri Apr 20 15:57:45 2018] Launched impl_1...
Run output will be captured here: C:/Users/Altium7/Desktop/MCU-on-Basys3-master/MCU-on-Basys3-master/project_FPGA.runs/impl_1/runme.log
set_property PROBES.FILE {} [lindex [get_hw_devices xc7a35t_0] 0]
set_property PROGRAM.FILE {C:/Users/Altium7/Desktop/MCU-on-Basys3-master/MCU-on-Basys3-master/project_FPGA.runs/impl_1/test_up.bit} [lindex [get_hw_devices xc7a35t_0] 0]
program_hw_devices [lindex [get_hw_devices xc7a35t_0] 0]
INFO: [Labtools 27-3164] End of startup status: HIGH
refresh_hw_device [lindex [get_hw_devices xc7a35t_0] 0]
INFO: [Labtools 27-1434] Device xc7a35t (JTAG device index = 0) is programmed with a design that has no supported debug core(s) in it.
WARNING: [Labtools 27-3123] The debug hub core was not detected at User Scan Chain 1 or 3.
Resolution: 
1. Make sure the clock connected to the debug hub (dbg_hub) core is a free running clock and is active OR
2. Manually launch hw_server with -e "set xsdb-user-bscan <C_USER_SCAN_CHAIN scan_chain_number>" to detect the debug hub at User Scan Chain of 2 or 4. To determine the user scan chain setting, open the implemented design and use: get_property C_USER_SCAN_CHAIN [get_debug_cores dbg_hub].
WARNING: [Labtoolstcl 44-130] No matching hw_ilas were found.
WARNING: [Labtoolstcl 44-130] No matching hw_ilas were found.
WARNING: [Labtoolstcl 44-130] No matching hw_ilas were found.
WARNING: [Labtoolstcl 44-130] No matching hw_ilas were found.
reset_run synth_1
launch_runs impl_1
[Fri Apr 20 16:01:31 2018] Launched synth_1...
Run output will be captured here: C:/Users/Altium7/Desktop/MCU-on-Basys3-master/MCU-on-Basys3-master/project_FPGA.runs/synth_1/runme.log
[Fri Apr 20 16:01:31 2018] Launched impl_1...
Run output will be captured here: C:/Users/Altium7/Desktop/MCU-on-Basys3-master/MCU-on-Basys3-master/project_FPGA.runs/impl_1/runme.log
launch_runs impl_1 -to_step write_bitstream
[Fri Apr 20 16:03:44 2018] Launched impl_1...
Run output will be captured here: C:/Users/Altium7/Desktop/MCU-on-Basys3-master/MCU-on-Basys3-master/project_FPGA.runs/impl_1/runme.log
set_property PROBES.FILE {} [lindex [get_hw_devices xc7a35t_0] 0]
set_property PROGRAM.FILE {C:/Users/Altium7/Desktop/MCU-on-Basys3-master/MCU-on-Basys3-master/project_FPGA.runs/impl_1/test_up.bit} [lindex [get_hw_devices xc7a35t_0] 0]
program_hw_devices [lindex [get_hw_devices xc7a35t_0] 0]
INFO: [Labtools 27-3164] End of startup status: HIGH
refresh_hw_device [lindex [get_hw_devices xc7a35t_0] 0]
INFO: [Labtools 27-1434] Device xc7a35t (JTAG device index = 0) is programmed with a design that has no supported debug core(s) in it.
WARNING: [Labtools 27-3123] The debug hub core was not detected at User Scan Chain 1 or 3.
Resolution: 
1. Make sure the clock connected to the debug hub (dbg_hub) core is a free running clock and is active OR
2. Manually launch hw_server with -e "set xsdb-user-bscan <C_USER_SCAN_CHAIN scan_chain_number>" to detect the debug hub at User Scan Chain of 2 or 4. To determine the user scan chain setting, open the implemented design and use: get_property C_USER_SCAN_CHAIN [get_debug_cores dbg_hub].
WARNING: [Labtoolstcl 44-130] No matching hw_ilas were found.
WARNING: [Labtoolstcl 44-130] No matching hw_ilas were found.
WARNING: [Labtoolstcl 44-130] No matching hw_ilas were found.
WARNING: [Labtoolstcl 44-130] No matching hw_ilas were found.
reset_run synth_1
launch_runs impl_1
[Fri Apr 20 16:08:44 2018] Launched synth_1...
Run output will be captured here: C:/Users/Altium7/Desktop/MCU-on-Basys3-master/MCU-on-Basys3-master/project_FPGA.runs/synth_1/runme.log
[Fri Apr 20 16:08:44 2018] Launched impl_1...
Run output will be captured here: C:/Users/Altium7/Desktop/MCU-on-Basys3-master/MCU-on-Basys3-master/project_FPGA.runs/impl_1/runme.log
launch_runs impl_1 -to_step write_bitstream
[Fri Apr 20 16:11:25 2018] Launched impl_1...
Run output will be captured here: C:/Users/Altium7/Desktop/MCU-on-Basys3-master/MCU-on-Basys3-master/project_FPGA.runs/impl_1/runme.log
set_property PROBES.FILE {} [lindex [get_hw_devices xc7a35t_0] 0]
set_property PROGRAM.FILE {C:/Users/Altium7/Desktop/MCU-on-Basys3-master/MCU-on-Basys3-master/project_FPGA.runs/impl_1/test_up.bit} [lindex [get_hw_devices xc7a35t_0] 0]
program_hw_devices [lindex [get_hw_devices xc7a35t_0] 0]
INFO: [Labtools 27-3164] End of startup status: HIGH
refresh_hw_device [lindex [get_hw_devices xc7a35t_0] 0]
INFO: [Labtools 27-1434] Device xc7a35t (JTAG device index = 0) is programmed with a design that has no supported debug core(s) in it.
WARNING: [Labtools 27-3123] The debug hub core was not detected at User Scan Chain 1 or 3.
Resolution: 
1. Make sure the clock connected to the debug hub (dbg_hub) core is a free running clock and is active OR
2. Manually launch hw_server with -e "set xsdb-user-bscan <C_USER_SCAN_CHAIN scan_chain_number>" to detect the debug hub at User Scan Chain of 2 or 4. To determine the user scan chain setting, open the implemented design and use: get_property C_USER_SCAN_CHAIN [get_debug_cores dbg_hub].
WARNING: [Labtoolstcl 44-130] No matching hw_ilas were found.
WARNING: [Labtoolstcl 44-130] No matching hw_ilas were found.
WARNING: [Labtoolstcl 44-130] No matching hw_ilas were found.
WARNING: [Labtoolstcl 44-130] No matching hw_ilas were found.
reset_run synth_1
launch_runs impl_1
[Fri Apr 20 16:14:18 2018] Launched synth_1...
Run output will be captured here: C:/Users/Altium7/Desktop/MCU-on-Basys3-master/MCU-on-Basys3-master/project_FPGA.runs/synth_1/runme.log
[Fri Apr 20 16:14:18 2018] Launched impl_1...
Run output will be captured here: C:/Users/Altium7/Desktop/MCU-on-Basys3-master/MCU-on-Basys3-master/project_FPGA.runs/impl_1/runme.log
launch_runs impl_1 -to_step write_bitstream
[Fri Apr 20 16:16:41 2018] Launched impl_1...
Run output will be captured here: C:/Users/Altium7/Desktop/MCU-on-Basys3-master/MCU-on-Basys3-master/project_FPGA.runs/impl_1/runme.log
set_property PROBES.FILE {} [lindex [get_hw_devices xc7a35t_0] 0]
set_property PROGRAM.FILE {C:/Users/Altium7/Desktop/MCU-on-Basys3-master/MCU-on-Basys3-master/project_FPGA.runs/impl_1/test_up.bit} [lindex [get_hw_devices xc7a35t_0] 0]
program_hw_devices [lindex [get_hw_devices xc7a35t_0] 0]
INFO: [Labtools 27-3164] End of startup status: HIGH
refresh_hw_device [lindex [get_hw_devices xc7a35t_0] 0]
INFO: [Labtools 27-1434] Device xc7a35t (JTAG device index = 0) is programmed with a design that has no supported debug core(s) in it.
WARNING: [Labtools 27-3123] The debug hub core was not detected at User Scan Chain 1 or 3.
Resolution: 
1. Make sure the clock connected to the debug hub (dbg_hub) core is a free running clock and is active OR
2. Manually launch hw_server with -e "set xsdb-user-bscan <C_USER_SCAN_CHAIN scan_chain_number>" to detect the debug hub at User Scan Chain of 2 or 4. To determine the user scan chain setting, open the implemented design and use: get_property C_USER_SCAN_CHAIN [get_debug_cores dbg_hub].
WARNING: [Labtoolstcl 44-130] No matching hw_ilas were found.
WARNING: [Labtoolstcl 44-130] No matching hw_ilas were found.
WARNING: [Labtoolstcl 44-130] No matching hw_ilas were found.
WARNING: [Labtoolstcl 44-130] No matching hw_ilas were found.
reset_run synth_1
launch_runs impl_1
[Fri Apr 20 16:18:59 2018] Launched synth_1...
Run output will be captured here: C:/Users/Altium7/Desktop/MCU-on-Basys3-master/MCU-on-Basys3-master/project_FPGA.runs/synth_1/runme.log
[Fri Apr 20 16:18:59 2018] Launched impl_1...
Run output will be captured here: C:/Users/Altium7/Desktop/MCU-on-Basys3-master/MCU-on-Basys3-master/project_FPGA.runs/impl_1/runme.log
ERROR: [Labtools 27-2269] No devices detected on target localhost:3121/xilinx_tcf/Digilent/210183711519A.
Check cable connectivity and that the target board is powered up then
use the disconnect_hw_server and connect_hw_server to re-register this hardware target.
ERROR: [Labtoolstcl 44-513] HW Target shutdown. Closing target: localhost:3121/xilinx_tcf/Digilent/210183711519A
INFO: [Labtoolstcl 44-466] Opening hw_target localhost:3121/xilinx_tcf/Digilent/210183711519A
INFO: [Labtools 27-1434] Device xc7a35t (JTAG device index = 0) is programmed with a design that has no supported debug core(s) in it.
WARNING: [Labtools 27-3123] The debug hub core was not detected at User Scan Chain 1 or 3.
Resolution: 
1. Make sure the clock connected to the debug hub (dbg_hub) core is a free running clock and is active OR
2. Manually launch hw_server with -e "set xsdb-user-bscan <C_USER_SCAN_CHAIN scan_chain_number>" to detect the debug hub at User Scan Chain of 2 or 4. To determine the user scan chain setting, open the implemented design and use: get_property C_USER_SCAN_CHAIN [get_debug_cores dbg_hub].
WARNING: [Labtoolstcl 44-130] No matching hw_ilas were found.
WARNING: [Labtoolstcl 44-130] No matching hw_ilas were found.
WARNING: [Labtoolstcl 44-130] No matching hw_ilas were found.
WARNING: [Labtoolstcl 44-130] No matching hw_ilas were found.
launch_runs impl_1 -to_step write_bitstream
[Fri Apr 20 16:21:22 2018] Launched impl_1...
Run output will be captured here: C:/Users/Altium7/Desktop/MCU-on-Basys3-master/MCU-on-Basys3-master/project_FPGA.runs/impl_1/runme.log
set_property PROBES.FILE {} [lindex [get_hw_devices xc7a35t_0] 0]
set_property PROGRAM.FILE {C:/Users/Altium7/Desktop/MCU-on-Basys3-master/MCU-on-Basys3-master/project_FPGA.runs/impl_1/test_up.bit} [lindex [get_hw_devices xc7a35t_0] 0]
program_hw_devices [lindex [get_hw_devices xc7a35t_0] 0]
INFO: [Labtools 27-3164] End of startup status: HIGH
refresh_hw_device [lindex [get_hw_devices xc7a35t_0] 0]
INFO: [Labtools 27-1434] Device xc7a35t (JTAG device index = 0) is programmed with a design that has no supported debug core(s) in it.
WARNING: [Labtools 27-3123] The debug hub core was not detected at User Scan Chain 1 or 3.
Resolution: 
1. Make sure the clock connected to the debug hub (dbg_hub) core is a free running clock and is active OR
2. Manually launch hw_server with -e "set xsdb-user-bscan <C_USER_SCAN_CHAIN scan_chain_number>" to detect the debug hub at User Scan Chain of 2 or 4. To determine the user scan chain setting, open the implemented design and use: get_property C_USER_SCAN_CHAIN [get_debug_cores dbg_hub].
WARNING: [Labtoolstcl 44-130] No matching hw_ilas were found.
WARNING: [Labtoolstcl 44-130] No matching hw_ilas were found.
WARNING: [Labtoolstcl 44-130] No matching hw_ilas were found.
WARNING: [Labtoolstcl 44-130] No matching hw_ilas were found.
